{
  "stats": {
    "suites": 3,
    "tests": 10,
    "passes": 10,
    "pending": 0,
    "failures": 0,
    "start": "2023-03-05T10:49:45.772Z",
    "end": "2023-03-05T10:49:46.041Z",
    "duration": 269,
    "testsRegistered": 10,
    "passPercent": 100,
    "pendingPercent": 0,
    "other": 0,
    "hasOther": false,
    "skipped": 0,
    "hasSkipped": false
  },
  "results": [
    {
      "uuid": "7558262a-8ec5-48e4-a1e9-563bf291518e",
      "title": "",
      "fullFile": "",
      "file": "",
      "beforeHooks": [],
      "afterHooks": [],
      "tests": [],
      "suites": [
        {
          "uuid": "30c8c9b2-b8fd-4d2c-b39c-02ae71b594ba",
          "title": "testing server",
          "fullFile": "D:\\BlockchainDev\\web2Stuffs\\Youtube_Subscribers\\__tests__\\router.test.js",
          "file": "\\__tests__\\router.test.js",
          "beforeHooks": [
            {
              "title": "\"before all\" hook in \"testing server\"",
              "fullTitle": "testing server \"before all\" hook in \"testing server\"",
              "timedOut": false,
              "duration": 95,
              "state": null,
              "speed": null,
              "pass": false,
              "fail": false,
              "pending": false,
              "context": null,
              "code": "// Starting the server on port 3000\n        server = app.listen(3000, () => {\n            console.log('Server started')\n        })\n        // Connecting to the test database\n        const DATABASE_URL = \"mongodb://localhost:27017/TestSubscribers\";\n        mongoose.connect(DATABASE_URL, {\n            useNewUrlParser: true,\n            useUnifiedTopology: true\n        });\n        const db = mongoose.connection\n        \n        // Logging any errors\n        db.on('error', (err) => console.log(err))\n        // Logging when the connection is successful\n        db.once('open', () => console.log('connected to database'))\n        // Deleting any existing documents and adding sample data\n        await subscriberModel.deleteMany({})\n        await subscriberModel.insertMany(data)\n        // Finding a sample document to use in later tests (/subscribers/:id)\n        sampleDoc = await subscriberModel.findOne({ name: 'John Doe' })",
              "err": {},
              "uuid": "6b9a206e-1d30-43ce-bd8d-bbc7762f757e",
              "parentUUID": "30c8c9b2-b8fd-4d2c-b39c-02ae71b594ba",
              "isHook": true,
              "skipped": false
            }
          ],
          "afterHooks": [
            {
              "title": "\"after all\" hook in \"testing server\"",
              "fullTitle": "testing server \"after all\" hook in \"testing server\"",
              "timedOut": false,
              "duration": 22,
              "state": null,
              "speed": null,
              "pass": false,
              "fail": false,
              "pending": false,
              "context": null,
              "code": "server.close(() => {\n    console.log('Server stopped');\n})\nawait mongoose.disconnect();",
              "err": {},
              "uuid": "a974fab8-98ff-4e3b-89f4-3b1ceaacd1bf",
              "parentUUID": "30c8c9b2-b8fd-4d2c-b39c-02ae71b594ba",
              "isHook": true,
              "skipped": false
            }
          ],
          "tests": [],
          "suites": [
            {
              "uuid": "194187bd-c09f-4fd0-8b23-c3d61f972265",
              "title": "testing the API",
              "fullFile": "D:\\BlockchainDev\\web2Stuffs\\Youtube_Subscribers\\__tests__\\router.test.js",
              "file": "\\__tests__\\router.test.js",
              "beforeHooks": [],
              "afterHooks": [],
              "tests": [
                {
                  "title": "should return welcome message with endpoints",
                  "fullTitle": "testing server testing the API should return welcome message with endpoints",
                  "timedOut": false,
                  "duration": 26,
                  "state": "passed",
                  "speed": "fast",
                  "pass": true,
                  "fail": false,
                  "pending": false,
                  "context": null,
                  "code": "const res = await chai.request(app).get('/')\nchai.expect(res.status).to.equal(200)\nchai.expect(res.body.welcome).to.equal('This is an API created for Youtube Subscribers Backend Project')\nchai.expect(res.body.endpoints).to.deep.equal({\n    toGetAllSubsribers: '/subscribers',\n    toGetAllSubsribersNames: '/subscribers/names',\n    toGetSubscribersByID: '/subscribers/:id'\n})",
                  "err": {},
                  "uuid": "e965b75f-afbd-43b2-a8eb-9b47eff1c3fa",
                  "parentUUID": "194187bd-c09f-4fd0-8b23-c3d61f972265",
                  "isHook": false,
                  "skipped": false
                },
                {
                  "title": "should return subscribers",
                  "fullTitle": "testing server testing the API should return subscribers",
                  "timedOut": false,
                  "duration": 9,
                  "state": "passed",
                  "speed": "fast",
                  "pass": true,
                  "fail": false,
                  "pending": false,
                  "context": null,
                  "code": "const res = await chai.request(app).get('/subscribers')\n            \n            chai.expect(res.status).to.equal(200)\n            chai.expect(res.body.subscribers[0].name).to.equal(\"Jeread Krus\")\n            chai.expect(res.body.subscribers[0].subscribedChannel).to.equal(\"CNET\")\n            chai.expect(res.body.subscribers[1].name).to.equal(\"John Doe\")\n            chai.expect(res.body.subscribers[1].subscribedChannel).to.equal(\"freeCodeCamp.org\")\n            chai.expect(res.body.subscribers[2].name).to.equal(\"Lucifer\")\n            chai.expect(res.body.subscribers[2].subscribedChannel).to.equal(\"Sentex\")",
                  "err": {},
                  "uuid": "61f55ec9-0ad1-4d8a-bd4c-d12f2e86df20",
                  "parentUUID": "194187bd-c09f-4fd0-8b23-c3d61f972265",
                  "isHook": false,
                  "skipped": false
                },
                {
                  "title": "should return subscribers with names",
                  "fullTitle": "testing server testing the API should return subscribers with names",
                  "timedOut": false,
                  "duration": 10,
                  "state": "passed",
                  "speed": "fast",
                  "pass": true,
                  "fail": false,
                  "pending": false,
                  "context": null,
                  "code": "const res = await chai.request(app).get('/subscribers/names')\nchai.expect(res.status).to.equal(200)\n// since this endpoint only returns docs with name and subscribedChannel I am expecting it to be equal to the given object. \nchai.expect(res.body.subscribers).to.deep.equal([{\n    \"name\": \"Jeread Krus\",\n    \"subscribedChannel\": \"CNET\"\n},\n{\n    \"name\": \"John Doe\",\n    \"subscribedChannel\": \"freeCodeCamp.org\"\n},\n{\n    \"name\": \"Lucifer\",\n    \"subscribedChannel\": \"Sentex\"\n}])",
                  "err": {},
                  "uuid": "9b0c91c9-b083-4065-949e-6e0882e17a26",
                  "parentUUID": "194187bd-c09f-4fd0-8b23-c3d61f972265",
                  "isHook": false,
                  "skipped": false
                },
                {
                  "title": "should return subscribers with id",
                  "fullTitle": "testing server testing the API should return subscribers with id",
                  "timedOut": false,
                  "duration": 15,
                  "state": "passed",
                  "speed": "fast",
                  "pass": true,
                  "fail": false,
                  "pending": false,
                  "context": null,
                  "code": "const res = await chai.request(app).get(`/subscribers/${sampleDoc._id}`)\nchai.expect(res.status).to.equal(200)\nchai.expect(res.body.name).to.equal('John Doe')\nchai.expect(res.body.subscribedChannel).to.equal('freeCodeCamp.org')",
                  "err": {},
                  "uuid": "93b833d6-67cc-493e-94ca-b60403ef930b",
                  "parentUUID": "194187bd-c09f-4fd0-8b23-c3d61f972265",
                  "isHook": false,
                  "skipped": false
                },
                {
                  "title": "Should return status 400 and 'Invalid subscriber ID.' error message if id is not a valid hexadecimal",
                  "fullTitle": "testing server testing the API Should return status 400 and 'Invalid subscriber ID.' error message if id is not a valid hexadecimal",
                  "timedOut": false,
                  "duration": 7,
                  "state": "passed",
                  "speed": "fast",
                  "pass": true,
                  "fail": false,
                  "pending": false,
                  "context": null,
                  "code": "const res = await chai.request(app).get(`/subscribers/123456`)\nchai.expect(res.status).to.equal(400)\nchai.expect(res.body.message).to.equal('Invalid subscriber ID.')",
                  "err": {},
                  "uuid": "f9e1787c-6a08-4c2f-9c49-dd8f82a27388",
                  "parentUUID": "194187bd-c09f-4fd0-8b23-c3d61f972265",
                  "isHook": false,
                  "skipped": false
                },
                {
                  "title": "Should return status 400 and 'Subscriber not found.' if id was a valid hexadecimal but not present in the collection",
                  "fullTitle": "testing server testing the API Should return status 400 and 'Subscriber not found.' if id was a valid hexadecimal but not present in the collection",
                  "timedOut": false,
                  "duration": 8,
                  "state": "passed",
                  "speed": "fast",
                  "pass": true,
                  "fail": false,
                  "pending": false,
                  "context": null,
                  "code": "const res = await chai.request(app).get(`/subscribers/640173ad319c53709bfa65a7`)\nchai.expect(res.status).to.equal(400)\nchai.expect(res.body.message).to.equal('Subscriber not found.')",
                  "err": {},
                  "uuid": "72b46570-4f25-4d85-a87c-12f9b845ef01",
                  "parentUUID": "194187bd-c09f-4fd0-8b23-c3d61f972265",
                  "isHook": false,
                  "skipped": false
                }
              ],
              "suites": [],
              "passes": [
                "e965b75f-afbd-43b2-a8eb-9b47eff1c3fa",
                "61f55ec9-0ad1-4d8a-bd4c-d12f2e86df20",
                "9b0c91c9-b083-4065-949e-6e0882e17a26",
                "93b833d6-67cc-493e-94ca-b60403ef930b",
                "f9e1787c-6a08-4c2f-9c49-dd8f82a27388",
                "72b46570-4f25-4d85-a87c-12f9b845ef01"
              ],
              "failures": [],
              "pending": [],
              "skipped": [],
              "duration": 75,
              "root": false,
              "rootEmpty": false,
              "_timeout": 60000
            }
          ],
          "passes": [],
          "failures": [],
          "pending": [],
          "skipped": [],
          "duration": 0,
          "root": false,
          "rootEmpty": false,
          "_timeout": 60000
        },
        {
          "uuid": "6fd543aa-fac8-48cc-8f03-769dac4893e7",
          "title": "Subscriber Model",
          "fullFile": "D:\\BlockchainDev\\web2Stuffs\\Youtube_Subscribers\\__tests__\\schema.test.js",
          "file": "\\__tests__\\schema.test.js",
          "beforeHooks": [
            {
              "title": "\"before all\" hook in \"Subscriber Model\"",
              "fullTitle": "Subscriber Model \"before all\" hook in \"Subscriber Model\"",
              "timedOut": false,
              "duration": 7,
              "state": null,
              "speed": null,
              "pass": false,
              "fail": false,
              "pending": false,
              "context": null,
              "code": "const DATABASE_URL = \"mongodb://localhost:27017/TestSubscribers\";\nawait mongoose.connect(DATABASE_URL, {\n  useNewUrlParser: true,\n  useUnifiedTopology: true\n});",
              "err": {},
              "uuid": "a0a12474-7604-4fa2-9363-e7ecdf6d5099",
              "parentUUID": "6fd543aa-fac8-48cc-8f03-769dac4893e7",
              "isHook": true,
              "skipped": false
            }
          ],
          "afterHooks": [
            {
              "title": "\"after all\" hook in \"Subscriber Model\"",
              "fullTitle": "Subscriber Model \"after all\" hook in \"Subscriber Model\"",
              "timedOut": false,
              "duration": 19,
              "state": null,
              "speed": null,
              "pass": false,
              "fail": false,
              "pending": false,
              "context": null,
              "code": "await mongoose.connection.db.dropDatabase();\nawait mongoose.disconnect();",
              "err": {},
              "uuid": "0e2959ce-7d47-4f03-b876-89e487aa9eb0",
              "parentUUID": "6fd543aa-fac8-48cc-8f03-769dac4893e7",
              "isHook": true,
              "skipped": false
            },
            {
              "title": "\"after each\" hook in \"Subscriber Model\"",
              "fullTitle": "Subscriber Model \"after each\" hook in \"Subscriber Model\"",
              "timedOut": false,
              "duration": 2,
              "state": null,
              "speed": null,
              "pass": false,
              "fail": false,
              "pending": false,
              "context": null,
              "code": "await Subscriber.deleteMany({});",
              "err": {},
              "uuid": "f4c7de6f-f3ce-46db-95f2-2c810ca67247",
              "parentUUID": "6fd543aa-fac8-48cc-8f03-769dac4893e7",
              "isHook": true,
              "skipped": false
            }
          ],
          "tests": [
            {
              "title": "should create a new subscriber",
              "fullTitle": "Subscriber Model should create a new subscriber",
              "timedOut": false,
              "duration": 13,
              "state": "passed",
              "speed": "fast",
              "pass": true,
              "fail": false,
              "pending": false,
              "context": null,
              "code": "const newSubscriber = new Subscriber({\n  name: 'John Doe',\n  subscribedChannel: 'freeCodeCamp.org'\n});\n// Saving the new subscriber object to database\nconst savedSubscriber = await newSubscriber.save();\n// Assertion for saved subscriber object\nexpect(savedSubscriber).to.have.property('_id');\nexpect(savedSubscriber.name).to.equal('John Doe');\nexpect(savedSubscriber.subscribedChannel).to.equal('freeCodeCamp.org');\nexpect(savedSubscriber.subscribedDate).to.be.a('date');",
              "err": {},
              "uuid": "47565159-8258-4732-a184-06a9a8871bb3",
              "parentUUID": "6fd543aa-fac8-48cc-8f03-769dac4893e7",
              "isHook": false,
              "skipped": false
            },
            {
              "title": "should not save a subscriber without a name",
              "fullTitle": "Subscriber Model should not save a subscriber without a name",
              "timedOut": false,
              "duration": 2,
              "state": "passed",
              "speed": "fast",
              "pass": true,
              "fail": false,
              "pending": false,
              "context": null,
              "code": "const newSubscriber = new Subscriber({\n  subscribedChannel: 'freeCodeCamp.org'\n});\n// Expecting the new subscriber object without name to not save\nawait expect(newSubscriber.save()).to.be.rejectedWith('Subscriber validation failed');",
              "err": {},
              "uuid": "03bb919a-d6fd-4124-81be-8c60833f3b32",
              "parentUUID": "6fd543aa-fac8-48cc-8f03-769dac4893e7",
              "isHook": false,
              "skipped": false
            },
            {
              "title": "should not save a subscriber without a subscribedChannel",
              "fullTitle": "Subscriber Model should not save a subscriber without a subscribedChannel",
              "timedOut": false,
              "duration": 1,
              "state": "passed",
              "speed": "fast",
              "pass": true,
              "fail": false,
              "pending": false,
              "context": null,
              "code": "const newSubscriber = new Subscriber({\n  name: 'John Doe'\n});\n// Expecting the new subscriber object without subscribed channel to not save\nawait expect(newSubscriber.save()).to.be.rejectedWith('Subscriber validation failed');",
              "err": {},
              "uuid": "afd84356-4bfa-44cc-8f37-f123e0288dc5",
              "parentUUID": "6fd543aa-fac8-48cc-8f03-769dac4893e7",
              "isHook": false,
              "skipped": false
            },
            {
              "title": "should find a subscriber by ID",
              "fullTitle": "Subscriber Model should find a subscriber by ID",
              "timedOut": false,
              "duration": 7,
              "state": "passed",
              "speed": "fast",
              "pass": true,
              "fail": false,
              "pending": false,
              "context": null,
              "code": "const newSubscriber = new Subscriber({\n  name: 'John Doe',\n  subscribedChannel: 'freeCodeCamp.org'\n});\n// Saving the new subscriber object to database\nconst savedSubscriber = await newSubscriber.save();\n// Finding the saved subscriber object by its ID\nconst foundSubscriber = await Subscriber.findById(savedSubscriber._id);\n// Assertion for the found subscriber object\nexpect(foundSubscriber).to.have.property('_id');\nexpect(foundSubscriber.name).to.equal('John Doe');\nexpect(foundSubscriber.subscribedChannel).to.equal('freeCodeCamp.org');\nexpect(foundSubscriber.subscribedDate).to.be.a('date');",
              "err": {},
              "uuid": "4098815d-30a3-43b0-b8cb-7bb7fc25a3e2",
              "parentUUID": "6fd543aa-fac8-48cc-8f03-769dac4893e7",
              "isHook": false,
              "skipped": false
            }
          ],
          "suites": [],
          "passes": [
            "47565159-8258-4732-a184-06a9a8871bb3",
            "03bb919a-d6fd-4124-81be-8c60833f3b32",
            "afd84356-4bfa-44cc-8f37-f123e0288dc5",
            "4098815d-30a3-43b0-b8cb-7bb7fc25a3e2"
          ],
          "failures": [],
          "pending": [],
          "skipped": [],
          "duration": 23,
          "root": false,
          "rootEmpty": false,
          "_timeout": 60000
        }
      ],
      "passes": [],
      "failures": [],
      "pending": [],
      "skipped": [],
      "duration": 0,
      "root": true,
      "rootEmpty": true,
      "_timeout": 60000
    }
  ],
  "meta": {
    "mocha": {
      "version": "10.2.0"
    },
    "mochawesome": {
      "options": {
        "quiet": false,
        "reportFilename": "mochawesome",
        "saveHtml": true,
        "saveJson": true,
        "consoleReporter": "spec",
        "useInlineDiffs": false,
        "code": true
      },
      "version": "7.1.3"
    },
    "marge": {
      "options": null,
      "version": "6.2.0"
    }
  }
}